{
  "Cucumber Features": {
    "coverage": {
      "/home/luistejeda/Documentos/Ruby/ahorcarock/app.rb": [
        1,
        1,
        1,
        null,
        null,
        1,
        6,
        6,
        6,
        6,
        null,
        null,
        1,
        2,
        null
      ],
      "/home/luistejeda/Documentos/Ruby/ahorcarock/config.rb": [
        null,
        1,
        null,
        1,
        1,
        1,
        null,
        null,
        1,
        1
      ],
      "/home/luistejeda/Documentos/Ruby/ahorcarock/lib/ComenzarAjugar.rb": [
        1,
        1,
        1,
        6,
        null,
        null,
        1,
        6,
        null,
        null,
        1,
        0,
        null,
        null,
        null
      ],
      "/home/luistejeda/Documentos/Ruby/ahorcarock/features/step_definitions/my_steps.rb": [
        1,
        3,
        null,
        null,
        1,
        2,
        null,
        null,
        1,
        1,
        null,
        null,
        1,
        1,
        null,
        null,
        null,
        1,
        3,
        null,
        null,
        1,
        2,
        null,
        null,
        1,
        2,
        null,
        1,
        1,
        null,
        null,
        null,
        null,
        null
      ],
      "/home/luistejeda/Documentos/Ruby/ahorcarock/features/step_definitions/template_steps.rb": [
        1,
        0,
        null,
        null,
        1,
        0,
        null,
        null,
        1,
        0,
        null,
        null,
        1,
        0,
        null,
        null,
        1,
        0,
        null,
        null,
        1,
        0,
        null,
        null,
        1,
        0,
        null,
        null,
        1,
        0,
        null,
        null,
        null,
        null,
        1,
        0,
        null,
        null,
        null,
        null,
        1,
        0,
        0,
        null,
        null,
        null,
        null,
        null,
        null,
        null,
        null,
        null,
        null,
        null,
        null,
        null
      ]
    },
    "timestamp": 1575659026
  },
  "RSpec": {
    "coverage": {
      "/home/kleer/csd/ahorcarock/spec/jugar_spec.rb": [
        1,
        null,
        1,
        1,
        1,
        1,
        1,
        null,
        null,
        1,
        1,
        1,
        1,
        null,
        null,
        null,
        null
      ],
      "/home/kleer/csd/ahorcarock/lib/ComenzarAjugar.rb": [
        1,
        null,
        1,
        1,
        null,
        null,
        1,
        1,
        null,
        null
      ]
    },
    "timestamp": 1575657963
  }
}
